<?xml version="1.0" encoding="UTF-8"?><testsuite errors="0" failures="1" name="pageDemo" skipped="0" tests="1" time="22.07" timestamp="2022-04-26 10:56:22"><testcase name="Enter data to register"><failure message="Expected answer&#10;Expected: is &lt;true&gt;&#10;     but: was &lt;false&gt;" type="java.lang.AssertionError">Expected answer
Expected: is &lt;true&gt;
     but: was &lt;false&gt;</failure><system-err>Expected answer
Expected: is &lt;true&gt;
     but: was &lt;false&gt;&#13;
co.com.choucair.certification.automatizaciondemo.stepdefinitions.DemoAutomationStepDefinitions.sheLoadsTheInformationInTheSubmitButton(DemoAutomationStepDefinitions.java:32)&#13;
✽.she loads the information in the submit button(src/test/resources/features/pageDemo.feature:9)&#13;
</system-err></testcase></testsuite>